<?xml version="1.0" encoding="UTF-8"?>
<tests versie="0.98" 
xmlns:sbggz="http://sbggz.nl/schema/import/5.0.1" 
xmlns:sbgem="http://sbg-synq.nl/epd-meting"
xmlns:sbgm="http://sbg-synq.nl/sbg-metingen"
>
  <description label="koppelproces">zorgdomein-afhankelijk filteren van geldige dbc / meting-combinaties</description>
  <setup >
    <sbg-zorgdomeinen>
      <zorgdomein code="02" zorgdomeinCode="02">
	<meetperiode>P3M</meetperiode>
	<naam>Volwassenen kort</naam>
	<meetdomein>
	  <naam>Klachten en symptomen</naam>
	    <instrument code="BSI"/>
	</meetdomein>
	<meetdomein>
	  <naam>Functioneren</naam>
	    <instrument code="OQ45-func"/>
	</meetdomein>
	<meetdomein>
	  <naam>Kwaliteit van leven</naam>
	    <instrument scoringsregels="false" code="SF36"/>
	</meetdomein>
      </zorgdomein>

      <zorgdomein code="01" zorgdomeinCode="01" peildatums-eenvoudig="true">
	<naam>Volwassenen lang EPA</naam>
	<meetperiode min-afstand="P6M" max-afstand="P18M">
	  <meetperiode-voor>P9M</meetperiode-voor>
	  <meetperiode-na>P3M</meetperiode-na>
	</meetperiode>
	<meetdomein>
	  <naam>Functioneren</naam>
	  <instrument code="HoNOS-12" />
	  <instrument code="CAN" />
	</meetdomein>
	<meetdomein>
	  <naam>Kwaliteit van leven</naam>
	  <instrument code="MANSA-7" />
	</meetdomein>
	<meetdomein>
	  <naam>Ernst problematiek</naam>
	  <instrument code="BPRS" />
	</meetdomein>
      </zorgdomein>
    </sbg-zorgdomeinen>

    <epd>
	<sbgem:DBCTraject sbggz:DBCTrajectnummer="1" sbggz:startdatumDBC="2011-03-16" sbggz:einddatumDBC="2012-03-16" 
	     sbggz:datumEersteSessie="2011-03-26" sbggz:datumLaatsteSessie="2012-02-06"/>
	<sbgem:DBCTraject sbggz:DBCTrajectnummer="2" sbggz:startdatumDBC="2011-03-10" sbggz:einddatumDBC="2012-03-10"/>

	<sbgem:DBCTraject sbggz:DBCTrajectnummer="3" sbggz:startdatumDBC="2011-03-09" sbggz:einddatumDBC="2012-03-09"
		    sbggz:datumEersteSessie="2011-03-10" sbggz:datumLaatsteSessie="2012-03-10"/>

	<sbgem:DBCTraject sbggz:DBCTrajectnummer="duur4M" startdatumDBC="2011-03-10" einddatumDBC="2011-07-10"/>
    </epd>

    <rom>

      <!-- volledige set EPA duur DBC 12M -->
      <sbgem:Meting sbgm:meting-id="ROM meting 1" sbggz:gebruiktMeetinstrument="CAN" sbggz:datum="2010-06-14"/>
      <sbgem:Meting sbgm:meting-id="ROM meting 2" sbggz:gebruiktMeetinstrument="CAN" sbggz:datum="2010-06-15"/>
      <sbgem:Meting sbgm:meting-id="ROM meting 3" sbggz:gebruiktMeetinstrument="CAN" sbggz:datum="2010-06-16"/>
      <sbgem:Meting sbgm:meting-id="ROM meting 4" sbggz:gebruiktMeetinstrument="CAN" sbggz:datum="2011-03-15"/>
      <sbgem:Meting sbgm:meting-id="ROM meting 5" sbggz:gebruiktMeetinstrument="CAN" sbggz:datum="2011-03-16"/>
      <sbgem:Meting sbgm:meting-id="ROM meting 6" sbggz:gebruiktMeetinstrument="CAN" sbggz:datum="2011-03-17"/>
      <sbgem:Meting sbgm:meting-id="ROM meting 7" sbggz:gebruiktMeetinstrument="CAN" sbggz:datum="2011-06-15"/>
      <sbgem:Meting sbgm:meting-id="ROM meting 8" sbggz:gebruiktMeetinstrument="CAN" sbggz:datum="2011-06-16"/>
      <sbgem:Meting sbgm:meting-id="ROM meting 9" sbggz:gebruiktMeetinstrument="CAN" sbggz:datum="2011-06-17"/>
      <sbgem:Meting sbgm:meting-id="ROM meting 10" sbggz:gebruiktMeetinstrument="CAN" sbggz:datum="2011-06-15"/>
      <sbgem:Meting sbgm:meting-id="ROM meting 11" sbggz:gebruiktMeetinstrument="CAN" sbggz:datum="2011-06-16"/>
      <sbgem:Meting sbgm:meting-id="ROM meting 12" sbggz:gebruiktMeetinstrument="CAN" sbggz:datum="2011-06-17"/>
      <sbgem:Meting sbgm:meting-id="ROM meting 13" sbggz:gebruiktMeetinstrument="CAN" sbggz:datum="2012-03-15"/>
      <sbgem:Meting sbgm:meting-id="ROM meting 14" sbggz:gebruiktMeetinstrument="CAN" sbggz:datum="2012-03-16"/>
      <sbgem:Meting sbgm:meting-id="ROM meting 15" sbggz:gebruiktMeetinstrument="CAN" sbggz:datum="2012-03-17"/>
      <sbgem:Meting sbgm:meting-id="ROM meting 16" sbggz:gebruiktMeetinstrument="CAN" sbggz:datum="2012-06-15"/>
      <sbgem:Meting sbgm:meting-id="ROM meting 17" sbggz:gebruiktMeetinstrument="CAN" sbggz:datum="2012-06-16"/>
      <sbgem:Meting sbgm:meting-id="ROM meting 18" sbggz:gebruiktMeetinstrument="CAN" sbggz:datum="2012-06-17"/>

      <!-- zorgdomein kort gerelateerd aan begindatum 2011-03-16 -->
      <sbgem:Meting sbgm:meting-id="ROM meting 19" sbggz:gebruiktMeetinstrument="BSI" sbggz:datum="2010-12-09" sbgem:zorgdomein="02 21"/>
      <sbgem:Meting sbgm:meting-id="ROM meting 20" sbggz:gebruiktMeetinstrument="BSI" sbggz:datum="2010-12-10" sbgem:zorgdomein="02 21"/>
      <sbgem:Meting sbgm:meting-id="ROM meting 21" sbggz:gebruiktMeetinstrument="BSI" sbggz:datum="2010-12-11" sbgem:zorgdomein="02 21"/>
      <sbgem:Meting sbgm:meting-id="ROM meting 22" sbggz:gebruiktMeetinstrument="BSI" sbggz:datum="2011-03-09" sbgem:zorgdomein="02 21"/>
      <sbgem:Meting sbgm:meting-id="ROM meting 23" sbggz:gebruiktMeetinstrument="BSI" sbggz:datum="2011-03-10" sbgem:zorgdomein="02 21"/>
      <sbgem:Meting sbgm:meting-id="ROM meting 24" sbggz:gebruiktMeetinstrument="BSI" sbggz:datum="2011-03-11" sbgem:zorgdomein="02 21"/>
      <sbgem:Meting sbgm:meting-id="ROM meting 25" sbggz:gebruiktMeetinstrument="BSI" sbggz:datum="2011-06-09" sbgem:zorgdomein="02 21"/>
      <sbgem:Meting sbgm:meting-id="ROM meting 26" sbggz:gebruiktMeetinstrument="BSI" sbggz:datum="2011-06-10" sbgem:zorgdomein="02 21"/>
      <sbgem:Meting sbgm:meting-id="ROM meting 27" sbggz:gebruiktMeetinstrument="BSI" sbggz:datum="2011-06-11" sbgem:zorgdomein="02 21"/>

      <!-- zorgdomein kort gerelateerd aan DBC met begindatum 2011-03-16; gerelateerd aan einddatum bij duur 12M -->
      <sbgem:Meting sbgm:meting-id="ROM meting 28" sbggz:gebruiktMeetinstrument="BSI" sbggz:datum="2011-12-09" sbgem:zorgdomein="02 21"/>
      <sbgem:Meting sbgm:meting-id="ROM meting 29" sbggz:gebruiktMeetinstrument="BSI" sbggz:datum="2011-12-10" sbgem:zorgdomein="02 21"/>
      <sbgem:Meting sbgm:meting-id="ROM meting 30" sbggz:gebruiktMeetinstrument="BSI" sbggz:datum="2011-12-11" sbgem:zorgdomein="02 21"/>
      <sbgem:Meting sbgm:meting-id="ROM meting 31" sbggz:gebruiktMeetinstrument="BSI" sbggz:datum="2012-03-09" sbgem:zorgdomein="02 21"/>
      <sbgem:Meting sbgm:meting-id="ROM meting 32" sbggz:gebruiktMeetinstrument="BSI" sbggz:datum="2012-03-10" sbgem:zorgdomein="02 21"/>
      <sbgem:Meting sbgm:meting-id="ROM meting 33" sbggz:gebruiktMeetinstrument="BSI" sbggz:datum="2012-03-11" sbgem:zorgdomein="02 21"/>
      <sbgem:Meting sbgm:meting-id="ROM meting 34" sbggz:gebruiktMeetinstrument="BSI" sbggz:datum="2012-06-09" sbgem:zorgdomein="02 21"/>
      <sbgem:Meting sbgm:meting-id="ROM meting 35" sbggz:gebruiktMeetinstrument="BSI" sbggz:datum="2012-06-10" sbgem:zorgdomein="02 21"/>
      <sbgem:Meting sbgm:meting-id="ROM meting 36" sbggz:gebruiktMeetinstrument="BSI" sbggz:datum="2012-06-11" sbgem:zorgdomein="02 21"/>

      <sbgem:Meting sbgm:meting-id="ROM meting zd01-1" sbggz:gebruiktMeetinstrument="BSI" sbggz:datum="2012-06-11" sbgem:zorgdomein="21"/>
      <sbgem:Meting sbgm:meting-id="ROM meting zd01-2" sbggz:gebruiktMeetinstrument="BSI" sbggz:datum="2012-06-11" sbgem:zorgdomein="21"/>


    </rom>
  </setup>

  <group >
    <function>sbge:bepaal-zorgdomein</function>
    <description>vergelijk zorgdomein epd zorgtaject en rom; geef voorkeur aan rom</description>

    <test name="testscenario 0" code="0">
      <description>geen metingen: neem zorgdomein over uit EPD</description>
      <setup>
	<sbgem:Zorgtraject sbgem:zorgdomeinCode="02"/>
      </setup>
      <expected>
	<value>02</value>
      </expected>
    </test>

    <test name="testscenario 1" code="1">
      <description>geen conflict: neem zorgdomein over uit EPD</description>
      <setup>
	<sbgem:Zorgtraject sbgem:zorgdomeinCode="02"/>
	<sbgem:Meting ref="true" sbgm:meting-id="ROM meting 28"/>
      </setup>
      <expected>
	<value>02</value>
      </expected>
    </test>

    <test name="testscenario 2" code="2">
      <description>geen conflict: neem zorgdomein over uit EPD II</description>
      <setup>
	<sbgem:Zorgtraject sbgem:zorgdomeinCode="21"/>
	<sbgem:Meting ref="true" sbgm:meting-id="ROM meting 28"/>
      </setup>
      <expected>
	<value>21</value>
      </expected>
    </test>

    <test name="testscenario 3" code="3">
      <description>wel conflict: neem waarde over uit meting</description>
      <setup>
	<sbgem:Zorgtraject sbgem:zorgdomeinCode="01"/>
	<sbgem:Meting ref="true" sbgm:meting-id="ROM meting 28"/>
	<sbgem:Meting ref="true" sbgm:meting-id="ROM meting 29"/>
	<sbgem:Meting ref="true" sbgm:meting-id="ROM meting 30"/>
      </setup>
      <expected>
	<value>02</value>
      </expected>
    </test>

    <test name="testscenario 4" code="4">
      <description>wel conflict: neem zorgdomein over dat het vaakst voorkomt in metingen</description>
      <setup>
	<sbgem:Zorgtraject sbgem:zorgdomeinCode="01"/>
	<sbgem:Meting ref="true" sbgm:meting-id="ROM meting 29"/>
	<sbgem:Meting ref="true" sbgm:meting-id="ROM meting zd01-1"/>
	<sbgem:Meting ref="true" sbgm:meting-id="ROM meting zd01-2"/>
      </setup>
      <expected>
	<value>21</value>
      </expected>
    </test>

  </group>



  <group>
    <function>sbge:maak-meetparen</function>
    <description>zoek de geldige meetparen in de kandidaat voor/na-metingen</description>

    <test name="testscenario 0" code="0">
      <description>
	referentie-set EPA; DBC met een duur van 12M 
      </description>
      <setup>
	<sbgem:DBCTraject ref="true" sbggz:DBCTrajectnummer="1"/>
	<zorgdomein ref="true" zorgdomeinCode="01"/>
	<sbgem:Meting ref="true" sbgm:meting-id="ROM meting 1"/>
	<sbgem:Meting ref="true" sbgm:meting-id="ROM meting 2"/>
	<sbgem:Meting ref="true" sbgm:meting-id="ROM meting 3"/>
	<sbgem:Meting ref="true" sbgm:meting-id="ROM meting 4"/>
	<sbgem:Meting ref="true" sbgm:meting-id="ROM meting 5"/>
	<sbgem:Meting ref="true" sbgm:meting-id="ROM meting 6"/>
	<sbgem:Meting ref="true" sbgm:meting-id="ROM meting 7"/>
	<sbgem:Meting ref="true" sbgm:meting-id="ROM meting 8"/>
	<sbgem:Meting ref="true" sbgm:meting-id="ROM meting 9"/>
	<sbgem:Meting ref="true" sbgm:meting-id="ROM meting 10"/>
	<sbgem:Meting ref="true" sbgm:meting-id="ROM meting 11"/>
	<sbgem:Meting ref="true" sbgm:meting-id="ROM meting 12"/>
	<sbgem:Meting ref="true" sbgm:meting-id="ROM meting 13"/>
	<sbgem:Meting ref="true" sbgm:meting-id="ROM meting 14"/>
	<sbgem:Meting ref="true" sbgm:meting-id="ROM meting 15"/>
	<sbgem:Meting ref="true" sbgm:meting-id="ROM meting 16"/>
	<sbgem:Meting ref="true" sbgm:meting-id="ROM meting 17"/>
	<sbgem:Meting ref="true" sbgm:meting-id="ROM meting 18"/>
      </setup>
      <expected>
	<meetparen>
	  <meetpaar>
	    <sbggz:Meting sbgm:meting-id="ROM meting 5" sbggz:typemeting="1"/>
	    <sbggz:Meting sbgm:meting-id="ROM meting 14" sbggz:typemeting="2"/>
	  </meetpaar>
	</meetparen>
     </expected>
    </test>


    <test name="testscenario 1" code="1">
      <description>
	geen voormeting
      </description>
      <setup>
	<sbgem:DBCTraject ref="true" sbggz:DBCTrajectnummer="1"/>
	<zorgdomein ref="true" zorgdomeinCode="01"/>
	<sbgem:Meting ref="true" sbgm:meting-id="ROM meting 1"/>
	<sbgem:Meting ref="true" sbgm:meting-id="ROM meting 12"/>
	<sbgem:Meting ref="true" sbgm:meting-id="ROM meting 13"/>
	<sbgem:Meting ref="true" sbgm:meting-id="ROM meting 14"/>
	<sbgem:Meting ref="true" sbgm:meting-id="ROM meting 15"/>
	<sbgem:Meting ref="true" sbgm:meting-id="ROM meting 16"/>
	<sbgem:Meting ref="true" sbgm:meting-id="ROM meting 17"/>
	<sbgem:Meting ref="true" sbgm:meting-id="ROM meting 18"/>
      </setup>
      <expected>
	<meetparen>
	  <meetpaar/>
	</meetparen>
     </expected>
    </test>


    <test name="testscenario 2" code="2">
      <description>
	geen nameting; afstand te kort
      </description>
      <setup>
	<sbgem:DBCTraject ref="true" sbggz:DBCTrajectnummer="1"/>
	<zorgdomein ref="true" zorgdomeinCode="01"/>
	<sbgem:Meting ref="true" sbgm:meting-id="ROM meting 4"/>
	<sbgem:Meting ref="true" sbgm:meting-id="ROM meting 8"/>
	<sbgem:Meting ref="true" sbgm:meting-id="ROM meting 12"/>
      </setup>
      <expected>
	<meetparen>
	  <meetpaar>
	    <sbggz:Meting sbgm:meting-id="ROM meting 4" sbggz:typemeting="1"/>
	  </meetpaar>
	</meetparen>
     </expected>
    </test>


    <test name="testscenario 3" code="3">
      <description>
	geen nameting; afstand tussen te lang
      </description>
      <setup>
	<sbgem:DBCTraject ref="true" sbggz:DBCTrajectnummer="1"/>
	<zorgdomein ref="true" zorgdomeinCode="01"/>
	<sbgem:Meting ref="true" sbgm:meting-id="ROM meting 3"/>
	<sbgem:Meting ref="true" sbgm:meting-id="ROM meting 13"/>
	<sbgem:Meting ref="true" sbgm:meting-id="ROM meting 14"/>
	<sbgem:Meting ref="true" sbgm:meting-id="ROM meting 15"/>
	<sbgem:Meting ref="true" sbgm:meting-id="ROM meting 16"/>
	<sbgem:Meting ref="true" sbgm:meting-id="ROM meting 17"/>
	<sbgem:Meting ref="true" sbgm:meting-id="ROM meting 18"/>
      </setup>
      <expected>
	<meetparen>
	  <meetpaar>
	    <sbggz:Meting sbgm:meting-id="ROM meting 3" sbggz:typemeting="1"/>
	  </meetpaar>
	</meetparen>
     </expected>
    </test>


    <test name="testscenario 4" code="4">
      <description>
	geldig paar; extreem vroeg
      </description>
      <setup>
	<sbgem:DBCTraject ref="true" sbggz:DBCTrajectnummer="1"/>
	<zorgdomein ref="true" zorgdomeinCode="01"/>
	<sbgem:Meting ref="true" sbgm:meting-id="ROM meting 3"/>
	<sbgem:Meting ref="true" sbgm:meting-id="ROM meting 12"/>
	<sbgem:Meting ref="true" sbgm:meting-id="ROM meting 13"/>
	<sbgem:Meting ref="true" sbgm:meting-id="ROM meting 14"/>
	<sbgem:Meting ref="true" sbgm:meting-id="ROM meting 15"/>
	<sbgem:Meting ref="true" sbgm:meting-id="ROM meting 16"/>
      </setup>
      <expected>
	<meetparen>
	  <meetpaar>
	    <sbggz:Meting sbgm:meting-id="ROM meting 3" sbggz:typemeting="1"/>
	    <sbggz:Meting sbgm:meting-id="ROM meting 12" sbggz:typemeting="2"/>
	  </meetpaar>
	</meetparen>
     </expected>
    </test>

    <test name="testscenario 5" code="5">
      <description>
	geldig paar; dichtsbijzijnde meting
      </description>
      <setup>
	<sbgem:DBCTraject ref="true" sbggz:DBCTrajectnummer="1"/>
	<zorgdomein ref="true" zorgdomeinCode="01"/>
	<sbgem:Meting ref="true" sbgm:meting-id="ROM meting 7"/>
	<sbgem:Meting ref="true" sbgm:meting-id="ROM meting 13"/>
	<sbgem:Meting ref="true" sbgm:meting-id="ROM meting 16"/>
      </setup>
      <expected>
	<meetparen>
	  <meetpaar>
	    <sbggz:Meting sbgm:meting-id="ROM meting 7" sbggz:typemeting="1"/>
	    <sbggz:Meting sbgm:meting-id="ROM meting 13" sbggz:typemeting="2"/>
	  </meetpaar>
	</meetparen>
     </expected>
    </test>

    <test name="testscenario 6" code="6">
      <description>
	geldig paar; extreem laat
      </description>
      <setup>
	<sbgem:DBCTraject ref="true" sbggz:DBCTrajectnummer="1"/>
	<zorgdomein ref="true" zorgdomeinCode="01"/>
	<sbgem:Meting ref="true" sbgm:meting-id="ROM meting 7"/>
	<sbgem:Meting ref="true" sbgm:meting-id="ROM meting 12"/>
	<sbgem:Meting ref="true" sbgm:meting-id="ROM meting 16"/>
      </setup>
      <expected>
	<meetparen>
	  <meetpaar>
	    <sbggz:Meting sbgm:meting-id="ROM meting 7" sbggz:typemeting="1"/>
	    <sbggz:Meting sbgm:meting-id="ROM meting 16" sbggz:typemeting="2"/>
	  </meetpaar>
	</meetparen>
     </expected>
    </test>


    <test name="testscenario 7" code="7">
      <description>
	referentie DBC kort (geen sessiedatums)
      </description>
      <setup>
	<sbgem:DBCTraject ref="true" sbggz:DBCTrajectnummer="2"/>
	<zorgdomein ref="true" zorgdomeinCode="02"/>
	<sbgem:Meting ref="true" sbgm:meting-id="ROM meting 19"/>
	<sbgem:Meting ref="true" sbgm:meting-id="ROM meting 20"/>
	<sbgem:Meting ref="true" sbgm:meting-id="ROM meting 21"/>
	<sbgem:Meting ref="true" sbgm:meting-id="ROM meting 22"/>
	<sbgem:Meting ref="true" sbgm:meting-id="ROM meting 23"/>
	<sbgem:Meting ref="true" sbgm:meting-id="ROM meting 24"/>
	<sbgem:Meting ref="true" sbgm:meting-id="ROM meting 25"/>
	<sbgem:Meting ref="true" sbgm:meting-id="ROM meting 26"/>
	<sbgem:Meting ref="true" sbgm:meting-id="ROM meting 27"/>
	<sbgem:Meting ref="true" sbgm:meting-id="ROM meting 28"/>
	<sbgem:Meting ref="true" sbgm:meting-id="ROM meting 29"/>
	<sbgem:Meting ref="true" sbgm:meting-id="ROM meting 30"/>
	<sbgem:Meting ref="true" sbgm:meting-id="ROM meting 31"/>
	<sbgem:Meting ref="true" sbgm:meting-id="ROM meting 32"/>
	<sbgem:Meting ref="true" sbgm:meting-id="ROM meting 33"/>
	<sbgem:Meting ref="true" sbgm:meting-id="ROM meting 34"/>
	<sbgem:Meting ref="true" sbgm:meting-id="ROM meting 35"/>
	<sbgem:Meting ref="true" sbgm:meting-id="ROM meting 36"/>
      </setup>
      <expected>
	<meetparen>
	  <meetpaar>
	    <sbggz:Meting sbgm:meting-id="ROM meting 23" sbggz:typemeting="1"/>
	    <sbggz:Meting sbgm:meting-id="ROM meting 32" sbggz:typemeting="2"/>
	  </meetpaar>
	</meetparen>
     </expected>
    </test>

    <test name="testscenario 8" code="8">
      <description>
	referentie DBC kort (met sessiedatums)
      </description>
      <setup>
	<sbgem:DBCTraject ref="true" sbggz:DBCTrajectnummer="3"/>
	<zorgdomein ref="true" zorgdomeinCode="02"/>
	<sbgem:Meting ref="true" sbgm:meting-id="ROM meting 19"/>
	<sbgem:Meting ref="true" sbgm:meting-id="ROM meting 20"/>
	<sbgem:Meting ref="true" sbgm:meting-id="ROM meting 21"/>
	<sbgem:Meting ref="true" sbgm:meting-id="ROM meting 22"/>
	<sbgem:Meting ref="true" sbgm:meting-id="ROM meting 23"/>
	<sbgem:Meting ref="true" sbgm:meting-id="ROM meting 24"/>
	<sbgem:Meting ref="true" sbgm:meting-id="ROM meting 25"/>
	<sbgem:Meting ref="true" sbgm:meting-id="ROM meting 26"/>
	<sbgem:Meting ref="true" sbgm:meting-id="ROM meting 27"/>
	<sbgem:Meting ref="true" sbgm:meting-id="ROM meting 28"/>
	<sbgem:Meting ref="true" sbgm:meting-id="ROM meting 29"/>
	<sbgem:Meting ref="true" sbgm:meting-id="ROM meting 30"/>
	<sbgem:Meting ref="true" sbgm:meting-id="ROM meting 31"/>
	<sbgem:Meting ref="true" sbgm:meting-id="ROM meting 32"/>
	<sbgem:Meting ref="true" sbgm:meting-id="ROM meting 33"/>
	<sbgem:Meting ref="true" sbgm:meting-id="ROM meting 34"/>
	<sbgem:Meting ref="true" sbgm:meting-id="ROM meting 35"/>
	<sbgem:Meting ref="true" sbgm:meting-id="ROM meting 36"/>
      </setup>
      <expected>
	<meetparen>
	  <meetpaar>
	    <sbggz:Meting sbgm:meting-id="ROM meting 23" sbggz:typemeting="1"/>
	    <sbggz:Meting sbgm:meting-id="ROM meting 32" sbggz:typemeting="2"/>
	  </meetpaar>
	</meetparen>
     </expected>
    </test>


    <test name="testscenario 9" code="9">
      <description>
	referentie DBC kort; geen voormeting
      </description>
      <setup>
	<sbgem:DBCTraject ref="true" sbggz:DBCTrajectnummer="3"/>
	<zorgdomein ref="true" zorgdomeinCode="02"/>
	<sbgem:Meting ref="true" sbgm:meting-id="ROM meting 19"/>
	<sbgem:Meting ref="true" sbgm:meting-id="ROM meting 27"/>
	<sbgem:Meting ref="true" sbgm:meting-id="ROM meting 28"/>
	<sbgem:Meting ref="true" sbgm:meting-id="ROM meting 29"/>
	<sbgem:Meting ref="true" sbgm:meting-id="ROM meting 30"/>
	<sbgem:Meting ref="true" sbgm:meting-id="ROM meting 31"/>
	<sbgem:Meting ref="true" sbgm:meting-id="ROM meting 32"/>
	<sbgem:Meting ref="true" sbgm:meting-id="ROM meting 33"/>
	<sbgem:Meting ref="true" sbgm:meting-id="ROM meting 34"/>
	<sbgem:Meting ref="true" sbgm:meting-id="ROM meting 35"/>
	<sbgem:Meting ref="true" sbgm:meting-id="ROM meting 36"/>
      </setup>
      <expected>
	<meetparen>
	  <meetpaar alleen-na="true">
	    <sbggz:Meting ref="true" sbgm:meting-id="ROM meting 32"/>
	  </meetpaar>
	</meetparen>
     </expected>
    </test>


    <test name="testscenario 10" code="10">
      <description>
	referentie DBC kort; voor peildatum is beter
      </description>
      <setup>
	<sbgem:DBCTraject ref="true" sbggz:DBCTrajectnummer="3"/>
	<zorgdomein ref="true" zorgdomeinCode="02"/>
	<sbgem:Meting ref="true" sbgm:meting-id="ROM meting 21"/>
	<sbgem:Meting ref="true" sbgm:meting-id="ROM meting 25"/>
      </setup>
      <expected>
	<meetparen>
	  <meetpaar>
	    <sbggz:Meting sbgm:meting-id="ROM meting 21" sbggz:typemeting="1"/>
	  </meetpaar>
	</meetparen>
     </expected>
    </test>

    <test name="testscenario 11" code="11">
      <description>
	 DBC met duur 4M; voormeting en eindmeting niet dezelfde
      </description>
      <setup>
	<sbgem:DBCTraject ref="true" sbggz:DBCTrajectnummer="duur4M"/>
	<zorgdomein ref="true" zorgdomeinCode="02"/>
	<sbgem:Meting ref="true" sbgm:meting-id="ROM meting 25"/>
	<sbgem:Meting ref="true" sbgm:meting-id="ROM meting 26"/>
	<sbgem:Meting ref="true" sbgm:meting-id="ROM meting 27"/>
      </setup>
      <expected>
	<meetparen>
	  <meetpaar>
	    <sbggz:Meting sbgm:meting-id="ROM meting 25" sbggz:typemeting="1"/>
	    <sbggz:Meting sbgm:meting-id="ROM meting 27" sbggz:typemeting="2"/>
	  </meetpaar>
	</meetparen>
     </expected>
    </test>

    <test name="testscenario 12" code="12">
      <description>
	 DBC met duur 4M; alleen nameting
      </description>
      <setup>
	<sbgem:DBCTraject ref="true" sbggz:DBCTrajectnummer="3"/>
	<zorgdomein ref="true" zorgdomeinCode="02"/>
	<sbgem:Meting ref="true" sbgm:meting-id="ROM meting 31"/>
	<sbgem:Meting ref="true" sbgm:meting-id="ROM meting 32"/>
	<sbgem:Meting ref="true" sbgm:meting-id="ROM meting 33"/>
	<sbgem:Meting ref="true" sbgm:meting-id="ROM meting 34"/>
	<sbgem:Meting ref="true" sbgm:meting-id="ROM meting 35"/>
	<sbgem:Meting ref="true" sbgm:meting-id="ROM meting 36"/>

      </setup>
      <expected>
	<meetparen>
	  <meetpaar alleen-na="true">
	    <sbggz:Meting sbgm:meting-id="ROM meting 32" sbggz:typemeting="2"/>
	  </meetpaar>
	</meetparen>
     </expected>
    </test>




    <test name="testscenario alleen voormeting" code="13">
      <description>
	 DBC die pas open is; negeer laatste sessiedatum
      </description>
      <setup>
    <sbgem:DBCTraject sbgem:koppelnummer="10106998" sbgem:zorgtrajectnummer="60014" sbggz:DBCTrajectnummer="10106998600141" sbggz:startdatumDBC="2012-01-01" sbgem:cl-zorgcircuit="4" sbggz:datumEersteSessie="2012-01-30" sbggz:datumLaatsteSessie="2012-02-09" sbgem:geslacht="1" sbgem:geboorteJaar="1998" sbgem:geboorteMaand="02" sbgem:opleidingsniveau="99" sbgem:leefsituatie="99" sbgem:postcodegebied="5266" sbgem:primaireDiagnoseCode="as1_6.01.02.01" sbgem:locatiecode="1151703"></sbgem:DBCTraject>

	<zorgdomein ref="true" zorgdomeinCode="02"/>

    <sbgem:Meting aardMeting="" sbggz:gebruiktMeetinstrument="SPsy-prob" sbgm:meting-id="102005" totaalscoreMeting="19" sbgm:geen-respondent="true" sbggz:datum="2012-01-06" sbgm:koppelnummer="10106998" sbgem:meetdomein="Klachten en problemen" sbgem:zorgdomein="04"></sbgem:Meting>
    <sbgem:Meting sbggz:datum="2012-01-06" sbggz:gebruiktMeetinstrument="NOSIK" sbgm:koppelnummer="10106998" sbgm:geen-respondent="true" aardMeting="" sbgm:meting-id="102006" totaalscoreMeting="68" sbgem:meetdomein="Ouderlijke stress" sbgem:zorgdomein="04"></sbgem:Meting>
    <sbgem:Meting aardMeting="" sbggz:gebruiktMeetinstrument="NOSIK" totaalscoreMeting="67" sbgm:koppelnummer="10106998" sbggz:datum="2012-01-16" sbgm:meting-id="102007" sbgm:geen-respondent="true" sbgem:meetdomein="Ouderlijke stress" sbgem:zorgdomein="04"></sbgem:Meting>
    <sbgem:Meting aardMeting="" sbgm:meting-id="102008" sbggz:datum="2012-01-17" sbggz:gebruiktMeetinstrument="SPsy-prob" totaalscoreMeting="8" sbgm:koppelnummer="10106998" sbgm:geen-respondent="true" sbgem:meetdomein="Klachten en problemen" sbgem:zorgdomein="04"></sbgem:Meting>
    <sbgem:Meting sbgm:geen-respondent="true" aardMeting="3" totaalscoreMeting="14" sbggz:gebruiktMeetinstrument="HoNOSCA" sbgm:koppelnummer="10106998" sbggz:datum="2012-01-19" sbgm:meting-id="102053" sbgem:meetdomein="Functioneren" sbgem:zorgdomein="04"></sbgem:Meting>



      </setup>
      <expected>
	<meetparen>
	  <meetpaar alleen-voor="true">
	    <sbggz:Meting sbgm:meting-id="102053" sbggz:typemeting="1"/>
	  </meetpaar>
	</meetparen>
     </expected>
    </test>



    <test name="nameting in DBC 1" code="14">
      <description>
	 dubbelrol voor 1 meting
      </description>
      <setup>

    <sbgem:DBCTraject sbggz:DBCTrajectnummer="10095619503841" sbggz:startdatumDBC="2010-09-29" sbggz:einddatumDBC="2011-09-28" sbgem:cl-zorgcircuit="2" sbggz:datumEersteSessie="2010-10-01" sbggz:datumLaatsteSessie="2011-09-21" sbggz:redenEindeDBC="4" sbggz:DBCPrestatieCode="101011053146"/>
<!--    <sbgem:DBCTraject sbggz:DBCTrajectnummer="10095619503842" sbggz:startdatumDBC="2011-09-29" sbgem:cl-zorgcircuit="2" sbggz:datumEersteSessie="2011-10-06" sbggz:datumLaatsteSessie="2012-03-26"/>
-->
	<zorgdomein ref="true" zorgdomeinCode="02"/>

    <sbgem:Meting sbgm:meting-id="82423" sbggz:datum="2011-11-06" sbgm:instrument-respondent="true" sbggz:aardMeting="3" sbggz:gebruiktMeetinstrument="BSI" sbggz:totaalscoreMeting="0" sbggz:typeRespondent="01" sbgem:meetdomein="Klachten en symptomen" sbgem:zorgdomein="02 21"/>

    <sbgem:Meting sbggz:typeRespondent="03" sbggz:datum="2011-11-06" sbggz:aardMeting="3" sbggz:gebruiktMeetinstrument="BSI" sbggz:totaalscoreMeting="0" sbgm:meting-id="82443" sbgem:zorgdomein="02 21" sbgem:meetdomein="Klachten en symptomen"/>
    <sbgem:Meting sbggz:totaalscoreMeting="12" sbggz:gebruiktMeetinstrument="OQ45-sd" sbggz:datum="2011-11-06" sbggz:aardMeting="3" sbgm:meting-id="82424" sbgem:zorgdomein="02 21" sbgem:meetdomein="Klachten en symptomen"/>



      </setup>
      <expected>
	<meetparen>
	  <meetpaar alleen-voor="true">
	    <sbggz:Meting sbgm:meting-id="102053" sbggz:typemeting="1"/>
	  </meetpaar>
	</meetparen>
     </expected>
    </test>


    <test name="voormeting in DBC 2" code="14">
      <description>
	 dubbelrol voor 1 meting
      </description>
      <setup>


    <sbgem:DBCTraject sbggz:DBCTrajectnummer="10095619503842" sbggz:startdatumDBC="2011-09-29" sbgem:cl-zorgcircuit="2" sbggz:datumEersteSessie="2011-10-06" sbggz:datumLaatsteSessie="2012-03-26"/>

	<zorgdomein ref="true" zorgdomeinCode="02"/>

    <sbgem:Meting sbgm:meting-id="82423" sbggz:datum="2011-11-06" sbgm:instrument-respondent="true" sbggz:aardMeting="3" sbggz:gebruiktMeetinstrument="BSI" sbggz:totaalscoreMeting="0" sbggz:typeRespondent="01" sbgem:meetdomein="Klachten en symptomen" sbgem:zorgdomein="02 21"/>

    <sbgem:Meting sbggz:typeRespondent="03" sbggz:datum="2011-11-06" sbggz:aardMeting="3" sbggz:gebruiktMeetinstrument="BSI" sbggz:totaalscoreMeting="0" sbgm:meting-id="82443" sbgem:zorgdomein="02 21" sbgem:meetdomein="Klachten en symptomen"/>
    <sbgem:Meting sbggz:totaalscoreMeting="12" sbggz:gebruiktMeetinstrument="OQ45-sd" sbggz:datum="2011-11-06" sbggz:aardMeting="3" sbgm:meting-id="82424" sbgem:zorgdomein="02 21" sbgem:meetdomein="Klachten en symptomen"/>



      </setup>
      <expected>
	<meetparen>
	  <meetpaar alleen-voor="true">
	    <sbggz:Meting sbgm:meting-id="102053" sbggz:typemeting="1"/>
	  </meetpaar>
	</meetparen>
     </expected>
    </test>



  </group>

  <group>
    <function>sbge:kandidaat-metingen</function>
    <description>selecteer kandidaat voor/na-metingen bij DBCTraject</description>

    <test name="testscenario 0" code="0">
      <description>
	referentie-set EPA; DBC met een duur van 12M 
      </description>
      <setup>
	<sbgem:DBCTraject ref="true" sbggz:DBCTrajectnummer="1"/>
	<zorgdomein ref="true" zorgdomeinCode="01"/>
	<sbgem:Meting ref="true" sbgm:meting-id="ROM meting 1"/>
	<sbgem:Meting ref="true" sbgm:meting-id="ROM meting 2"/>
	<sbgem:Meting ref="true" sbgm:meting-id="ROM meting 3"/>
	<sbgem:Meting ref="true" sbgm:meting-id="ROM meting 4"/>
	<sbgem:Meting ref="true" sbgm:meting-id="ROM meting 5"/>
	<sbgem:Meting ref="true" sbgm:meting-id="ROM meting 6"/>
	<sbgem:Meting ref="true" sbgm:meting-id="ROM meting 7"/>
	<sbgem:Meting ref="true" sbgm:meting-id="ROM meting 8"/>
	<sbgem:Meting ref="true" sbgm:meting-id="ROM meting 9"/>
	<sbgem:Meting ref="true" sbgm:meting-id="ROM meting 10"/>
	<sbgem:Meting ref="true" sbgm:meting-id="ROM meting 11"/>
	<sbgem:Meting ref="true" sbgm:meting-id="ROM meting 12"/>
	<sbgem:Meting ref="true" sbgm:meting-id="ROM meting 13"/>
	<sbgem:Meting ref="true" sbgm:meting-id="ROM meting 14"/>
	<sbgem:Meting ref="true" sbgm:meting-id="ROM meting 15"/>
	<sbgem:Meting ref="true" sbgm:meting-id="ROM meting 16"/>
	<sbgem:Meting ref="true" sbgm:meting-id="ROM meting 17"/>
	<sbgem:Meting ref="true" sbgm:meting-id="ROM meting 18"/>
      </setup>
      <expected>
	<kandidaat-metingen>
	  <voor>
	    <sbggz:Meting sbgm:meting-id="ROM meting 5" sbggz:typemeting="1"/>
	    <sbggz:Meting sbgm:meting-id="ROM meting 4" sbggz:typemeting="1"/>
	    <sbggz:Meting sbgm:meting-id="ROM meting 6" sbggz:typemeting="1"/>
	    <sbggz:Meting sbgm:meting-id="ROM meting 7" sbggz:typemeting="1"/>
	    <sbggz:Meting sbgm:meting-id="ROM meting 10" sbggz:typemeting="1"/>
	    <sbggz:Meting sbgm:meting-id="ROM meting 8" sbggz:typemeting="1"/>
	    <sbggz:Meting sbgm:meting-id="ROM meting 11" sbggz:typemeting="1"/>
	    <sbggz:Meting sbgm:meting-id="ROM meting 3" sbggz:typemeting="1"/>
	  </voor>
	  <na>
	    <sbggz:Meting sbgm:meting-id="ROM meting 14" sbggz:typemeting="2"/>
	    <sbggz:Meting sbgm:meting-id="ROM meting 13" sbggz:typemeting="2"/>
	    <sbggz:Meting sbgm:meting-id="ROM meting 15" sbggz:typemeting="2"/>
	    <sbggz:Meting sbgm:meting-id="ROM meting 16" sbggz:typemeting="2"/>
	    <sbggz:Meting sbgm:meting-id="ROM meting 17" sbggz:typemeting="2"/>
	    <sbggz:Meting sbgm:meting-id="ROM meting 9" sbggz:typemeting="2"/>
	    <sbggz:Meting sbgm:meting-id="ROM meting 12" sbggz:typemeting="2"/>
	    <sbggz:Meting sbgm:meting-id="ROM meting 8" sbggz:typemeting="2"/>
	    <sbggz:Meting sbgm:meting-id="ROM meting 11" sbggz:typemeting="2"/>
	  </na>
	</kandidaat-metingen>
      </expected>
    </test>

    <test name="testscenario 1" code="1">
      <description>
	referentie-set kort; DBC met een duur van 12M 
      </description>
      <setup>
	<sbgem:DBCTraject ref="true" sbggz:DBCTrajectnummer="2"/>
	<zorgdomein ref="true" zorgdomeinCode="02"/>
	<sbgem:Meting ref="true" sbgm:meting-id="ROM meting 19"/>
	<sbgem:Meting ref="true" sbgm:meting-id="ROM meting 20"/>
	<sbgem:Meting ref="true" sbgm:meting-id="ROM meting 21"/>
	<sbgem:Meting ref="true" sbgm:meting-id="ROM meting 22"/>
	<sbgem:Meting ref="true" sbgm:meting-id="ROM meting 23"/>
	<sbgem:Meting ref="true" sbgm:meting-id="ROM meting 24"/>
	<sbgem:Meting ref="true" sbgm:meting-id="ROM meting 25"/>
	<sbgem:Meting ref="true" sbgm:meting-id="ROM meting 26"/>
	<sbgem:Meting ref="true" sbgm:meting-id="ROM meting 27"/>
	<sbgem:Meting ref="true" sbgm:meting-id="ROM meting 28"/>
	<sbgem:Meting ref="true" sbgm:meting-id="ROM meting 29"/>
	<sbgem:Meting ref="true" sbgm:meting-id="ROM meting 30"/>
	<sbgem:Meting ref="true" sbgm:meting-id="ROM meting 31"/>
	<sbgem:Meting ref="true" sbgm:meting-id="ROM meting 32"/>
	<sbgem:Meting ref="true" sbgm:meting-id="ROM meting 33"/>
	<sbgem:Meting ref="true" sbgm:meting-id="ROM meting 34"/>
	<sbgem:Meting ref="true" sbgm:meting-id="ROM meting 35"/>
	<sbgem:Meting ref="true" sbgm:meting-id="ROM meting 36"/>
      </setup>
      <expected>
	<kandidaat-metingen>
	  <voor>
	    <sbggz:Meting sbgm:meting-id="ROM meting 23" sbggz:typemeting="1"/>
	    <sbggz:Meting sbgm:meting-id="ROM meting 22" sbggz:typemeting="1"/>
	    <sbggz:Meting sbgm:meting-id="ROM meting 24" sbggz:typemeting="1"/>
	    <sbggz:Meting sbgm:meting-id="ROM meting 21" sbggz:typemeting="1"/>
	    <sbggz:Meting sbgm:meting-id="ROM meting 20" sbggz:typemeting="1"/>
	    <sbggz:Meting sbgm:meting-id="ROM meting 25" sbggz:typemeting="1"/>
	    <sbggz:Meting sbgm:meting-id="ROM meting 26" sbggz:typemeting="1"/>
	  </voor>
	  <na>
	    <sbggz:Meting sbgm:meting-id="ROM meting 32" sbggz:typemeting="2"/>
	    <sbggz:Meting sbgm:meting-id="ROM meting 31" sbggz:typemeting="2"/>
	    <sbggz:Meting sbgm:meting-id="ROM meting 33" sbggz:typemeting="2"/>
	    <sbggz:Meting sbgm:meting-id="ROM meting 30" sbggz:typemeting="2"/>
	    <sbggz:Meting sbgm:meting-id="ROM meting 29" sbggz:typemeting="2"/>
	    <sbggz:Meting sbgm:meting-id="ROM meting 34" sbggz:typemeting="2"/>
	    <sbggz:Meting sbgm:meting-id="ROM meting 35" sbggz:typemeting="2"/>
	  </na>
	</kandidaat-metingen>
      </expected>
    </test>

    <test name="testscenario 2" code="2">
      <description>
	DBC zonder metingen
      </description>
      <setup>
	<sbgem:DBCTraject ref="true" sbggz:DBCTrajectnummer="2"/>
	<zorgdomein ref="true" zorgdomeinCode="02"/>
      </setup>
      <expected>
	<kandidaat-metingen>
	  <voor/>
	  <na/>
	</kandidaat-metingen>
      </expected>
    </test>

    <test name="testscenario 3" code="3">
      <description>
	DBC zonder metingen in meetperiode
      </description>
      <setup>
	<sbgem:DBCTraject ref="true" sbggz:DBCTrajectnummer="2"/>
	<zorgdomein ref="true" zorgdomeinCode="02"/>
	<sbgem:Meting ref="true" sbgm:meting-id="ROM meting 19"/>
	<sbgem:Meting ref="true" sbgm:meting-id="ROM meting 36"/>
      </setup>
      <expected>
	<kandidaat-metingen>
	  <voor/>
	  <na/>
	</kandidaat-metingen>
      </expected>
    </test>


  </group>


  <group>
    <function>sbge:dbc-peildatums-zorgdomein</function>
    <description>selecteer peildatums voor meetperiodes </description>
    <test name="testscenario 1" code="1">
      <description>
	zorgdomein 01: gebruik geen sessiedatums
      </description>
      <setup>
	<sbgem:DBCTraject ref="true" sbggz:DBCTrajectnummer="1"/>
	<zorgdomein ref="true" zorgdomeinCode="01"/>
      </setup>
      <expected>
	<value>2011-03-16, 2012-03-16</value>
      </expected>
    </test>

    <test name="testscenario 2" code="2">
      <description>
	zorgdomein 02: terugval op begin- startdatum
      </description>
      <setup>
	<sbgem:DBCTraject ref="true" sbggz:DBCTrajectnummer="2"/>
	<zorgdomein ref="true" zorgdomeinCode="02"/>
      </setup>
      <expected>
	<value>2011-03-10, 2012-03-10</value>
      </expected>
    </test>

    <test name="testscenario 3" code="3">
      <description>
	zorgdomein 02: voorkeur voor sessiedatums
      </description>
      <setup>
	<sbgem:DBCTraject ref="true" sbggz:DBCTrajectnummer="3"/>
	<zorgdomein ref="true" zorgdomeinCode="02"/>
      </setup>
      <expected>
	<value>2011-03-10, 2012-03-10</value>
      </expected>
    </test>


    <test name="testscenario 4" code="4">
      <description>
	zorgdomein 02: negeer laatste sessiedatum voor open DBC
      </description>
      <setup>
    <sbgem:DBCTraject sbggz:DBCTrajectnummer="10106998600141" sbggz:startdatumDBC="2012-01-01" sbggz:datumEersteSessie="2012-01-30" sbggz:datumLaatsteSessie="2012-02-09" />
	<zorgdomein ref="true" zorgdomeinCode="02"/>
      </setup>
      <expected>
	<value>2012-01-30, 2100-01-01</value>
      </expected>
    </test>




  </group>

  <group >
    <function>sbge:patient-sbg-meting</function>
    <description>Voer het koppelproces uit voor alle dbc-s van een client</description>

    <test name="testscenario 1" code="1">
      <description>meting met dubbelrol</description>
      <setup>
	<sbgem:Patient sbggz:koppelnummer="10095619" sbggz:geslacht="2" sbggz:geboorteJaar="1968" sbggz:opleidingsniveau="99" sbggz:leefsituatie="99" sbgem:geboortelandPatient="NL" >
	  <sbgem:metingen>
	    <sbgem:Meting sbgm:meting-id="82423" sbggz:datum="2011-11-06" sbgm:instrument-respondent="true" sbggz:aardMeting="3" sbggz:gebruiktMeetinstrument="BSI" sbggz:totaalscoreMeting="0" sbggz:typeRespondent="01" sbgem:meetdomein="Klachten en symptomen" sbgem:zorgdomein="02 21">
	    </sbgem:Meting>
	    <sbgem:Meting sbggz:totaalscoreMeting="12" sbggz:gebruiktMeetinstrument="OQ45-sd" sbggz:datum="2011-11-06" sbggz:aardMeting="3" sbgm:meting-id="82424" sbgem:zorgdomein="02 21" sbgem:meetdomein="Klachten en symptomen">
	    </sbgem:Meting>
	    <sbgem:Meting sbggz:typeRespondent="03" sbggz:datum="2011-11-06" sbggz:aardMeting="3" sbggz:gebruiktMeetinstrument="BSI" sbggz:totaalscoreMeting="0" sbgm:meting-id="82443" sbgem:zorgdomein="02 21" sbgem:meetdomein="Klachten en symptomen">
	    </sbgem:Meting>
	  </sbgem:metingen>
	  <sbgem:Zorgtraject sbggz:primaireDiagnoseCode="as1_6.01.01.02.03" sbggz:locatiecode="3102117C" sbggz:zorgtrajectnummer="50384" sbgem:zorgdomeinCode="02" sbggz:GAFscore="45">
	    <sbgem:DBCTraject sbggz:DBCTrajectnummer="10095619503841" sbggz:startdatumDBC="2010-09-29" sbggz:einddatumDBC="2011-09-28" sbgem:cl-zorgcircuit="2" sbggz:datumEersteSessie="2010-10-01" sbggz:datumLaatsteSessie="2011-09-21" sbggz:redenEindeDBC="4" sbggz:DBCPrestatieCode="101011053146"/>
	    <sbgem:DBCTraject sbggz:DBCTrajectnummer="10095619503842" sbggz:startdatumDBC="2011-09-29" sbgem:cl-zorgcircuit="2" sbggz:datumEersteSessie="2011-10-06" sbggz:datumLaatsteSessie="2012-03-26"/>
	  </sbgem:Zorgtraject>
	</sbgem:Patient>

      </setup>
      <expected>
	<sbggz:Patient sbggz:koppelnummer="10095619">
	  <sbggz:Zorgtraject>
	    <sbgem:DBCTraject sbggz:einddatumDBC="2011-09-28">
	      <sbgem:Meting sbgm:meting-id="82423" sbggz:datum="2011-11-06" sbggz:typemeting="2"/>
	    </sbgem:DBCTraject>
	    <sbgem:DBCTraject sbggz:startdatumDBC="2011-09-29">
	      <sbgem:Meting sbgm:meting-id="82423" sbggz:datum="2011-11-06" sbggz:typemeting="1"/>
	    </sbgem:DBCTraject>
	  </sbggz:Zorgtraject>
	</sbggz:Patient>
      </expected>
    </test>
  </group>


</tests>