<?xml version="1.0" encoding="UTF-8"?>
<tests versie="0.98" 
xmlns:sbggz="http://sbggz.nl/schema/import/5.0.1" 
xmlns:sbgem="http://sbg-synq.nl/epd-meting"
xmlns:sbgm="http://sbg-synq.nl/sbg-metingen"
>
  <description label="koppelproces">zorgdomein-afhankelijk filteren van geldige dbc / meting-combinaties</description>
  <setup >
    <sbg-zorgdomeinen>
      <zorgdomein code="02" zorgdomeinCode="02">
	<meetperiode>P3M</meetperiode>
	<naam>Volwassenen kort</naam>
	<meetdomein>
	  <naam>Klachten en symptomen</naam>
	    <instrument code="BSI"/>
	</meetdomein>
	<meetdomein>
	  <naam>Functioneren</naam>
	    <instrument code="OQ45-func"/>
	</meetdomein>
	<meetdomein>
	  <naam>Kwaliteit van leven</naam>
	    <instrument scoringsregels="false" code="SF36"/>
	</meetdomein>
      </zorgdomein>

      <zorgdomein code="01" zorgdomeinCode="01" peildatums-eenvoudig="true">
	<naam>Volwassenen lang EPA</naam>
	<meetperiode min-afstand="P6M" max-afstand="P18M">
	  <meetperiode-voor>P9M</meetperiode-voor>
	  <meetperiode-na>P3M</meetperiode-na>
	</meetperiode>
	<meetdomein>
	  <naam>Functioneren</naam>
	  <instrument code="HoNOS-12" />
	  <instrument code="CAN" />
	</meetdomein>
	<meetdomein>
	  <naam>Kwaliteit van leven</naam>
	  <instrument code="MANSA-7" />
	</meetdomein>
	<meetdomein>
	  <naam>Ernst problematiek</naam>
	  <instrument code="BPRS" />
	</meetdomein>
      </zorgdomein>
    </sbg-zorgdomeinen>

    <epd>
	<sbgem:DBCTraject sbggz:DBCTrajectnummer="1" sbggz:startdatumDBC="2011-03-16" sbggz:einddatumDBC="2012-03-16" 
	     sbggz:datumEersteSessie="2011-03-26" sbggz:datumLaatsteSessie="2012-02-06"/>
	<sbgem:DBCTraject sbggz:DBCTrajectnummer="2" sbggz:startdatumDBC="2011-03-10" sbggz:einddatumDBC="2012-03-10"/>

	<sbgem:DBCTraject sbggz:DBCTrajectnummer="3" sbggz:startdatumDBC="2011-03-09" sbggz:einddatumDBC="2012-03-09"
		    sbggz:datumEersteSessie="2011-03-10" sbggz:datumLaatsteSessie="2012-03-10"/>

	<sbgem:DBCTraject sbggz:DBCTrajectnummer="duur4M" startdatumDBC="2011-03-10" einddatumDBC="2011-07-10"/>

    </epd>

    <rom>

      <!-- volledige set EPA duur DBC 12M -->
      <Meting sbgm:meting-id="ROM meting 1" gebruiktMeetinstrument="CAN" datum="2010-06-14"/>
      <Meting sbgm:meting-id="ROM meting 2" gebruiktMeetinstrument="CAN" datum="2010-06-15"/>
      <Meting sbgm:meting-id="ROM meting 3" gebruiktMeetinstrument="CAN" datum="2010-06-16"/>
      <Meting sbgm:meting-id="ROM meting 4" gebruiktMeetinstrument="CAN" datum="2011-03-15"/>
      <Meting sbgm:meting-id="ROM meting 5" gebruiktMeetinstrument="CAN" datum="2011-03-16"/>
      <Meting sbgm:meting-id="ROM meting 6" gebruiktMeetinstrument="CAN" datum="2011-03-17"/>
      <Meting sbgm:meting-id="ROM meting 7" gebruiktMeetinstrument="CAN" datum="2011-06-15"/>
      <Meting sbgm:meting-id="ROM meting 8" gebruiktMeetinstrument="CAN" datum="2011-06-16"/>
      <Meting sbgm:meting-id="ROM meting 9" gebruiktMeetinstrument="CAN" datum="2011-06-17"/>
      <Meting sbgm:meting-id="ROM meting 10" gebruiktMeetinstrument="CAN" datum="2011-06-15"/>
      <Meting sbgm:meting-id="ROM meting 11" gebruiktMeetinstrument="CAN" datum="2011-06-16"/>
      <Meting sbgm:meting-id="ROM meting 12" gebruiktMeetinstrument="CAN" datum="2011-06-17"/>
      <Meting sbgm:meting-id="ROM meting 13" gebruiktMeetinstrument="CAN" datum="2012-03-15"/>
      <Meting sbgm:meting-id="ROM meting 14" gebruiktMeetinstrument="CAN" datum="2012-03-16"/>
      <Meting sbgm:meting-id="ROM meting 15" gebruiktMeetinstrument="CAN" datum="2012-03-17"/>
      <Meting sbgm:meting-id="ROM meting 16" gebruiktMeetinstrument="CAN" datum="2012-06-15"/>
      <Meting sbgm:meting-id="ROM meting 17" gebruiktMeetinstrument="CAN" datum="2012-06-16"/>
      <Meting sbgm:meting-id="ROM meting 18" gebruiktMeetinstrument="CAN" datum="2012-06-17"/>

      <!-- zorgdomein kort gerelateerd aan begindatum 2011-03-16 -->
      <Meting sbgm:meting-id="ROM meting 19" gebruiktMeetinstrument="BSI" datum="	2010-12-09" sbgem:zorgdomein="02 21"/>
      <Meting sbgm:meting-id="ROM meting 20" gebruiktMeetinstrument="BSI" datum="	2010-12-10" sbgem:zorgdomein="02 21"/>
      <Meting sbgm:meting-id="ROM meting 21" gebruiktMeetinstrument="BSI" datum="	2010-12-11" sbgem:zorgdomein="02 21"/>
      <Meting sbgm:meting-id="ROM meting 22" gebruiktMeetinstrument="BSI" datum="	2011-03-09" sbgem:zorgdomein="02 21"/>
      <Meting sbgm:meting-id="ROM meting 23" gebruiktMeetinstrument="BSI" datum="	2011-03-10" sbgem:zorgdomein="02 21"/>
      <Meting sbgm:meting-id="ROM meting 24" gebruiktMeetinstrument="BSI" datum="	2011-03-11" sbgem:zorgdomein="02 21"/>
      <Meting sbgm:meting-id="ROM meting 25" gebruiktMeetinstrument="BSI" datum="	2011-06-09" sbgem:zorgdomein="02 21"/>
      <Meting sbgm:meting-id="ROM meting 26" gebruiktMeetinstrument="BSI" datum="	2011-06-10" sbgem:zorgdomein="02 21"/>
      <Meting sbgm:meting-id="ROM meting 27" gebruiktMeetinstrument="BSI" datum="	2011-06-11" sbgem:zorgdomein="02 21"/>

      <!-- zorgdomein kort gerelateerd aan DBC met begindatum 2011-03-16; gerelateerd aan einddatum bij duur 12M -->
      <Meting sbgm:meting-id="ROM meting 28" gebruiktMeetinstrument="BSI" datum="	2011-12-09" sbgem:zorgdomein="02 21"/>
      <Meting sbgm:meting-id="ROM meting 29" gebruiktMeetinstrument="BSI" datum="	2011-12-10" sbgem:zorgdomein="02 21"/>
      <Meting sbgm:meting-id="ROM meting 30" gebruiktMeetinstrument="BSI" datum="	2011-12-11" sbgem:zorgdomein="02 21"/>
      <Meting sbgm:meting-id="ROM meting 31" gebruiktMeetinstrument="BSI" datum="	2012-03-09" sbgem:zorgdomein="02 21"/>
      <Meting sbgm:meting-id="ROM meting 32" gebruiktMeetinstrument="BSI" datum="	2012-03-10" sbgem:zorgdomein="02 21"/>
      <Meting sbgm:meting-id="ROM meting 33" gebruiktMeetinstrument="BSI" datum="	2012-03-11" sbgem:zorgdomein="02 21"/>
      <Meting sbgm:meting-id="ROM meting 34" gebruiktMeetinstrument="BSI" datum="	2012-06-09" sbgem:zorgdomein="02 21"/>
      <Meting sbgm:meting-id="ROM meting 35" gebruiktMeetinstrument="BSI" datum="	2012-06-10" sbgem:zorgdomein="02 21"/>
      <Meting sbgm:meting-id="ROM meting 36" gebruiktMeetinstrument="BSI" datum="	2012-06-11" sbgem:zorgdomein="02 21"/>


    </rom>
  </setup>

  <group >
    <function>sbge:bepaal-zorgdomein</function>
    <description>vergelijk zorgdomein epd zorgtaject en rom; geef voorkeur aan rom</description>

    <test name="testscenario 0" code="0">
      <description>geen metingen: neem zorgdomein over uit EPD</description>
      <setup>
	<sbgem:Zorgtraject sbgem:zorgdomeinCode="02"/>
      </setup>
      <expected>
	<value>02</value>
      </expected>
    </test>

    <test name="testscenario 1" code="1">
      <description>geen conflict: neem zorgdomein over uit EPD</description>
      <setup>
	<sbgem:Zorgtraject sbgem:zorgdomeinCode="02"/>
	<Meting ref="true" meting-id="ROM meting 28"/>
      </setup>
      <expected>
	<value>02</value>
      </expected>
    </test>

    <test name="testscenario 2" code="2">
      <description>geen conflict: neem zorgdomein over uit EPD II</description>
      <setup>
	<sbgem:Zorgtraject sbgem:zorgdomeinCode="21"/>
	<Meting ref="true" meting-id="ROM meting 28"/>
      </setup>
      <expected>
	<value>21</value>
      </expected>
    </test>

    <test name="testscenario 3" code="3">
      <description>wel conflict: neem waarde over uit meting</description>
      <setup>
	<sbgem:Zorgtraject sbgem:zorgdomeinCode="01"/>
	<Meting ref="true" meting-id="ROM meting 28"/>
	<Meting ref="true" meting-id="ROM meting 29"/>
	<Meting ref="true" meting-id="ROM meting 30"/>
      </setup>
      <expected>
	<value>02</value>
      </expected>
    </test>

    <test name="testscenario 4" code="4">
      <description>wel conflict: neem zorgdomein over dat het vaakst voorkomt in metingen</description>
      <setup>
	<sbgem:Zorgtraject sbgem:zorgdomeinCode="01"/>
	<Meting ref="true" meting-id="ROM meting 28"/>
	<Meting ref="true" meting-id="ROM meting 29"/>
	<Meting ref="true" meting-id="ROM meting 30"/>
      </setup>
      <expected>
	<value>x02</value>
      </expected>
    </test>

  </group>



  <group>
    <function>sbge:maak-meetparen</function>
    <description>zoek de geldige meetparen in de kandidaat voor/na-metingen</description>

    <test name="testscenario 0" code="0">
      <description>
	referentie-set EPA; DBC met een duur van 12M 
      </description>
      <setup>
	<sbgem:DBCTraject ref="true" sbggz:DBCTrajectnummer="1"/>
	<zorgdomein ref="true" zorgdomeinCode="01"/>
	<Meting ref="true" meting-id="ROM meting 1"/>
	<Meting ref="true" meting-id="ROM meting 2"/>
	<Meting ref="true" meting-id="ROM meting 3"/>
	<Meting ref="true" meting-id="ROM meting 4"/>
	<Meting ref="true" meting-id="ROM meting 5"/>
	<Meting ref="true" meting-id="ROM meting 6"/>
	<Meting ref="true" meting-id="ROM meting 7"/>
	<Meting ref="true" meting-id="ROM meting 8"/>
	<Meting ref="true" meting-id="ROM meting 9"/>
	<Meting ref="true" meting-id="ROM meting 10"/>
	<Meting ref="true" meting-id="ROM meting 11"/>
	<Meting ref="true" meting-id="ROM meting 12"/>
	<Meting ref="true" meting-id="ROM meting 13"/>
	<Meting ref="true" meting-id="ROM meting 14"/>
	<Meting ref="true" meting-id="ROM meting 15"/>
	<Meting ref="true" meting-id="ROM meting 16"/>
	<Meting ref="true" meting-id="ROM meting 17"/>
	<Meting ref="true" meting-id="ROM meting 18"/>
      </setup>
      <expected>
	<meetparen>
	  <meetpaar>
	    <Meting sbgm:meting-id="ROM meting 5" typemeting="1"/>
	    <Meting sbgm:meting-id="ROM meting 14" typemeting="2"/>
	  </meetpaar>
	</meetparen>
     </expected>
    </test>


    <test name="testscenario 1" code="1">
      <description>
	geen voormeting
      </description>
      <setup>
	<sbgem:DBCTraject ref="true" sbggz:DBCTrajectnummer="1"/>
	<zorgdomein ref="true" zorgdomeinCode="01"/>
	<Meting ref="true" meting-id="ROM meting 1"/>
	<Meting ref="true" meting-id="ROM meting 12"/>
	<Meting ref="true" meting-id="ROM meting 13"/>
	<Meting ref="true" meting-id="ROM meting 14"/>
	<Meting ref="true" meting-id="ROM meting 15"/>
	<Meting ref="true" meting-id="ROM meting 16"/>
	<Meting ref="true" meting-id="ROM meting 17"/>
	<Meting ref="true" meting-id="ROM meting 18"/>
      </setup>
      <expected>
	<meetparen>
	  <meetpaar/>
	</meetparen>
     </expected>
    </test>


    <test name="testscenario 2" code="2">
      <description>
	geen nameting; afstand te kort
      </description>
      <setup>
	<sbgem:DBCTraject ref="true" sbggz:DBCTrajectnummer="1"/>
	<zorgdomein ref="true" zorgdomeinCode="01"/>
	<Meting ref="true" meting-id="ROM meting 4"/>
	<Meting ref="true" meting-id="ROM meting 8"/>
	<Meting ref="true" meting-id="ROM meting 12"/>
      </setup>
      <expected>
	<meetparen>
	  <meetpaar>
	    <Meting sbgm:meting-id="ROM meting 4" typemeting="1"/>
	  </meetpaar>
	</meetparen>
     </expected>
    </test>


    <test name="testscenario 3" code="3">
      <description>
	geen nameting; afstand tussen te lang
      </description>
      <setup>
	<sbgem:DBCTraject ref="true" sbggz:DBCTrajectnummer="1"/>
	<zorgdomein ref="true" zorgdomeinCode="01"/>
	<Meting ref="true" meting-id="ROM meting 3"/>
	<Meting ref="true" meting-id="ROM meting 13"/>
	<Meting ref="true" meting-id="ROM meting 14"/>
	<Meting ref="true" meting-id="ROM meting 15"/>
	<Meting ref="true" meting-id="ROM meting 16"/>
	<Meting ref="true" meting-id="ROM meting 17"/>
	<Meting ref="true" meting-id="ROM meting 18"/>
      </setup>
      <expected>
	<meetparen>
	  <meetpaar>
	    <Meting sbgm:meting-id="ROM meting 3" typemeting="1"/>
	  </meetpaar>
	</meetparen>
     </expected>
    </test>


    <test name="testscenario 4" code="4">
      <description>
	geldig paar; extreem vroeg
      </description>
      <setup>
	<sbgem:DBCTraject ref="true" sbggz:DBCTrajectnummer="1"/>
	<zorgdomein ref="true" zorgdomeinCode="01"/>
	<Meting ref="true" meting-id="ROM meting 3"/>
	<Meting ref="true" meting-id="ROM meting 12"/>
	<Meting ref="true" meting-id="ROM meting 13"/>
	<Meting ref="true" meting-id="ROM meting 14"/>
	<Meting ref="true" meting-id="ROM meting 15"/>
	<Meting ref="true" meting-id="ROM meting 16"/>
      </setup>
      <expected>
	<meetparen>
	  <meetpaar>
	    <Meting sbgm:meting-id="ROM meting 3" typemeting="1"/>
	    <Meting sbgm:meting-id="ROM meting 12" typemeting="2"/>
	  </meetpaar>
	</meetparen>
     </expected>
    </test>

    <test name="testscenario 5" code="5">
      <description>
	geldig paar; dichtsbijzijnde meting
      </description>
      <setup>
	<sbgem:DBCTraject ref="true" sbggz:DBCTrajectnummer="1"/>
	<zorgdomein ref="true" zorgdomeinCode="01"/>
	<Meting ref="true" meting-id="ROM meting 7"/>
	<Meting ref="true" meting-id="ROM meting 13"/>
	<Meting ref="true" meting-id="ROM meting 16"/>
      </setup>
      <expected>
	<meetparen>
	  <meetpaar>
	    <Meting sbgm:meting-id="ROM meting 7" typemeting="1"/>
	    <Meting sbgm:meting-id="ROM meting 13" typemeting="2"/>
	  </meetpaar>
	</meetparen>
     </expected>
    </test>

    <test name="testscenario 6" code="6">
      <description>
	geldig paar; extreem laat
      </description>
      <setup>
	<sbgem:DBCTraject ref="true" sbggz:DBCTrajectnummer="1"/>
	<zorgdomein ref="true" zorgdomeinCode="01"/>
	<Meting ref="true" meting-id="ROM meting 7"/>
	<Meting ref="true" meting-id="ROM meting 12"/>
	<Meting ref="true" meting-id="ROM meting 16"/>
      </setup>
      <expected>
	<meetparen>
	  <meetpaar>
	    <Meting sbgm:meting-id="ROM meting 7" typemeting="1"/>
	    <Meting sbgm:meting-id="ROM meting 16" typemeting="2"/>
	  </meetpaar>
	</meetparen>
     </expected>
    </test>


    <test name="testscenario 7" code="7">
      <description>
	referentie DBC kort (geen sessiedatums)
      </description>
      <setup>
	<sbgem:DBCTraject ref="true" sbggz:DBCTrajectnummer="2"/>
	<zorgdomein ref="true" zorgdomeinCode="02"/>
	<Meting ref="true" meting-id="ROM meting 19"/>
	<Meting ref="true" meting-id="ROM meting 20"/>
	<Meting ref="true" meting-id="ROM meting 21"/>
	<Meting ref="true" meting-id="ROM meting 22"/>
	<Meting ref="true" meting-id="ROM meting 23"/>
	<Meting ref="true" meting-id="ROM meting 24"/>
	<Meting ref="true" meting-id="ROM meting 25"/>
	<Meting ref="true" meting-id="ROM meting 26"/>
	<Meting ref="true" meting-id="ROM meting 27"/>
	<Meting ref="true" meting-id="ROM meting 28"/>
	<Meting ref="true" meting-id="ROM meting 29"/>
	<Meting ref="true" meting-id="ROM meting 30"/>
	<Meting ref="true" meting-id="ROM meting 31"/>
	<Meting ref="true" meting-id="ROM meting 32"/>
	<Meting ref="true" meting-id="ROM meting 33"/>
	<Meting ref="true" meting-id="ROM meting 34"/>
	<Meting ref="true" meting-id="ROM meting 35"/>
	<Meting ref="true" meting-id="ROM meting 36"/>
      </setup>
      <expected>
	<meetparen>
	  <meetpaar>
	    <Meting sbgm:meting-id="ROM meting 23" typemeting="1"/>
	    <Meting sbgm:meting-id="ROM meting 32" typemeting="2"/>
	  </meetpaar>
	</meetparen>
     </expected>
    </test>

    <test name="testscenario 8" code="8">
      <description>
	referentie DBC kort (met sessiedatums)
      </description>
      <setup>
	<sbgem:DBCTraject ref="true" sbggz:DBCTrajectnummer="3"/>
	<zorgdomein ref="true" zorgdomeinCode="02"/>
	<Meting ref="true" meting-id="ROM meting 19"/>
	<Meting ref="true" meting-id="ROM meting 20"/>
	<Meting ref="true" meting-id="ROM meting 21"/>
	<Meting ref="true" meting-id="ROM meting 22"/>
	<Meting ref="true" meting-id="ROM meting 23"/>
	<Meting ref="true" meting-id="ROM meting 24"/>
	<Meting ref="true" meting-id="ROM meting 25"/>
	<Meting ref="true" meting-id="ROM meting 26"/>
	<Meting ref="true" meting-id="ROM meting 27"/>
	<Meting ref="true" meting-id="ROM meting 28"/>
	<Meting ref="true" meting-id="ROM meting 29"/>
	<Meting ref="true" meting-id="ROM meting 30"/>
	<Meting ref="true" meting-id="ROM meting 31"/>
	<Meting ref="true" meting-id="ROM meting 32"/>
	<Meting ref="true" meting-id="ROM meting 33"/>
	<Meting ref="true" meting-id="ROM meting 34"/>
	<Meting ref="true" meting-id="ROM meting 35"/>
	<Meting ref="true" meting-id="ROM meting 36"/>
      </setup>
      <expected>
	<meetparen>
	  <meetpaar>
	    <Meting sbgm:meting-id="ROM meting 23" typemeting="1"/>
	    <Meting sbgm:meting-id="ROM meting 32" typemeting="2"/>
	  </meetpaar>
	</meetparen>
     </expected>
    </test>


    <test name="testscenario 9" code="9">
      <description>
	referentie DBC kort; geen voormeting
      </description>
      <setup>
	<sbgem:DBCTraject ref="true" sbggz:DBCTrajectnummer="3"/>
	<zorgdomein ref="true" zorgdomeinCode="02"/>
	<Meting ref="true" meting-id="ROM meting 19"/>
	<Meting ref="true" meting-id="ROM meting 27"/>
	<Meting ref="true" meting-id="ROM meting 28"/>
	<Meting ref="true" meting-id="ROM meting 29"/>
	<Meting ref="true" meting-id="ROM meting 30"/>
	<Meting ref="true" meting-id="ROM meting 31"/>
	<Meting ref="true" meting-id="ROM meting 32"/>
	<Meting ref="true" meting-id="ROM meting 33"/>
	<Meting ref="true" meting-id="ROM meting 34"/>
	<Meting ref="true" meting-id="ROM meting 35"/>
	<Meting ref="true" meting-id="ROM meting 36"/>
      </setup>
      <expected>
	<meetparen>
	  <meetpaar alleen-na="true">
	    <Meting ref="true" meting-id="ROM meting 32"/>
	  </meetpaar>
	</meetparen>
     </expected>
    </test>


    <test name="testscenario 10" code="10">
      <description>
	referentie DBC kort; voor peildatum is beter
      </description>
      <setup>
	<sbgem:DBCTraject ref="true" sbggz:DBCTrajectnummer="3"/>
	<zorgdomein ref="true" zorgdomeinCode="02"/>
	<Meting ref="true" meting-id="ROM meting 21"/>
	<Meting ref="true" meting-id="ROM meting 25"/>
      </setup>
      <expected>
	<meetparen>
	  <meetpaar>
	    <Meting sbgm:meting-id="ROM meting 21" typemeting="1"/>
	  </meetpaar>
	</meetparen>
     </expected>
    </test>

    <test name="testscenario 11" code="11">
      <description>
	 DBC met duur 4M; voormeting en eindmeting niet dezelfde
      </description>
      <setup>
	<sbgem:DBCTraject ref="true" sbggz:DBCTrajectnummer="duur4M"/>
	<zorgdomein ref="true" zorgdomeinCode="02"/>
	<Meting ref="true" meting-id="ROM meting 25"/>
	<Meting ref="true" meting-id="ROM meting 26"/>
	<Meting ref="true" meting-id="ROM meting 27"/>
      </setup>
      <expected>
	<meetparen>
	  <meetpaar>
	    <Meting sbgm:meting-id="ROM meting 25" typemeting="1"/>
	    <Meting sbgm:meting-id="ROM meting 27" typemeting="2"/>
	  </meetpaar>
	</meetparen>
     </expected>
    </test>

    <test name="testscenario 12" code="12">
      <description>
	 DBC met duur 4M; alleen nameting
      </description>
      <setup>
	<sbgem:DBCTraject ref="true" sbggz:DBCTrajectnummer="3"/>
	<zorgdomein ref="true" zorgdomeinCode="02"/>
	<Meting ref="true" meting-id="ROM meting 31"/>
	<Meting ref="true" meting-id="ROM meting 32"/>
	<Meting ref="true" meting-id="ROM meting 33"/>
	<Meting ref="true" meting-id="ROM meting 34"/>
	<Meting ref="true" meting-id="ROM meting 35"/>
	<Meting ref="true" meting-id="ROM meting 36"/>

      </setup>
      <expected>
	<meetparen>
	  <meetpaar alleen-na="true">
	    <Meting sbgm:meting-id="ROM meting 32" typemeting="2"/>
	  </meetpaar>
	</meetparen>
     </expected>
    </test>


  </group>

  <group>
    <function>sbge:kandidaat-metingen</function>
    <description>selecteer kandidaat voor/na-metingen bij DBCTraject</description>

    <test name="testscenario 0" code="0">
      <description>
	referentie-set EPA; DBC met een duur van 12M 
      </description>
      <setup>
	<sbgem:DBCTraject ref="true" sbggz:DBCTrajectnummer="1"/>
	<zorgdomein ref="true" zorgdomeinCode="01"/>
	<Meting ref="true" meting-id="ROM meting 1"/>
	<Meting ref="true" meting-id="ROM meting 2"/>
	<Meting ref="true" meting-id="ROM meting 3"/>
	<Meting ref="true" meting-id="ROM meting 4"/>
	<Meting ref="true" meting-id="ROM meting 5"/>
	<Meting ref="true" meting-id="ROM meting 6"/>
	<Meting ref="true" meting-id="ROM meting 7"/>
	<Meting ref="true" meting-id="ROM meting 8"/>
	<Meting ref="true" meting-id="ROM meting 9"/>
	<Meting ref="true" meting-id="ROM meting 10"/>
	<Meting ref="true" meting-id="ROM meting 11"/>
	<Meting ref="true" meting-id="ROM meting 12"/>
	<Meting ref="true" meting-id="ROM meting 13"/>
	<Meting ref="true" meting-id="ROM meting 14"/>
	<Meting ref="true" meting-id="ROM meting 15"/>
	<Meting ref="true" meting-id="ROM meting 16"/>
	<Meting ref="true" meting-id="ROM meting 17"/>
	<Meting ref="true" meting-id="ROM meting 18"/>
      </setup>
      <expected>
	<kandidaat-metingen>
	  <voor>
	    <Meting sbgm:meting-id="ROM meting 5" typemeting="1"/>
	    <Meting sbgm:meting-id="ROM meting 4" typemeting="1"/>
	    <Meting sbgm:meting-id="ROM meting 6" typemeting="1"/>
	    <Meting sbgm:meting-id="ROM meting 7" typemeting="1"/>
	    <Meting sbgm:meting-id="ROM meting 10" typemeting="1"/>
	    <Meting sbgm:meting-id="ROM meting 8" typemeting="1"/>
	    <Meting sbgm:meting-id="ROM meting 11" typemeting="1"/>
	    <Meting sbgm:meting-id="ROM meting 3" typemeting="1"/>
	  </voor>
	  <na>
	    <Meting sbgm:meting-id="ROM meting 14" typemeting="2"/>
	    <Meting sbgm:meting-id="ROM meting 13" typemeting="2"/>
	    <Meting sbgm:meting-id="ROM meting 15" typemeting="2"/>
	    <Meting sbgm:meting-id="ROM meting 16" typemeting="2"/>
	    <Meting sbgm:meting-id="ROM meting 17" typemeting="2"/>
	    <Meting sbgm:meting-id="ROM meting 9" typemeting="2"/>
	    <Meting sbgm:meting-id="ROM meting 12" typemeting="2"/>
	    <Meting sbgm:meting-id="ROM meting 8" typemeting="2"/>
	    <Meting sbgm:meting-id="ROM meting 11" typemeting="2"/>
	  </na>
	</kandidaat-metingen>
      </expected>
    </test>

    <test name="testscenario 1" code="1">
      <description>
	referentie-set kort; DBC met een duur van 12M 
      </description>
      <setup>
	<sbgem:DBCTraject ref="true" sbggz:DBCTrajectnummer="2"/>
	<zorgdomein ref="true" zorgdomeinCode="02"/>
	<Meting ref="true" meting-id="ROM meting 19"/>
	<Meting ref="true" meting-id="ROM meting 20"/>
	<Meting ref="true" meting-id="ROM meting 21"/>
	<Meting ref="true" meting-id="ROM meting 22"/>
	<Meting ref="true" meting-id="ROM meting 23"/>
	<Meting ref="true" meting-id="ROM meting 24"/>
	<Meting ref="true" meting-id="ROM meting 25"/>
	<Meting ref="true" meting-id="ROM meting 26"/>
	<Meting ref="true" meting-id="ROM meting 27"/>
	<Meting ref="true" meting-id="ROM meting 28"/>
	<Meting ref="true" meting-id="ROM meting 29"/>
	<Meting ref="true" meting-id="ROM meting 30"/>
	<Meting ref="true" meting-id="ROM meting 31"/>
	<Meting ref="true" meting-id="ROM meting 32"/>
	<Meting ref="true" meting-id="ROM meting 33"/>
	<Meting ref="true" meting-id="ROM meting 34"/>
	<Meting ref="true" meting-id="ROM meting 35"/>
	<Meting ref="true" meting-id="ROM meting 36"/>
      </setup>
      <expected>
	<kandidaat-metingen>
	  <voor>
	    <Meting sbgm:meting-id="ROM meting 23" typemeting="1"/>
	    <Meting sbgm:meting-id="ROM meting 22" typemeting="1"/>
	    <Meting sbgm:meting-id="ROM meting 24" typemeting="1"/>
	    <Meting sbgm:meting-id="ROM meting 21" typemeting="1"/>
	    <Meting sbgm:meting-id="ROM meting 20" typemeting="1"/>
	    <Meting sbgm:meting-id="ROM meting 25" typemeting="1"/>
	    <Meting sbgm:meting-id="ROM meting 26" typemeting="1"/>
	  </voor>
	  <na>
	    <Meting sbgm:meting-id="ROM meting 32" typemeting="2"/>
	    <Meting sbgm:meting-id="ROM meting 31" typemeting="2"/>
	    <Meting sbgm:meting-id="ROM meting 33" typemeting="2"/>
	    <Meting sbgm:meting-id="ROM meting 30" typemeting="2"/>
	    <Meting sbgm:meting-id="ROM meting 29" typemeting="2"/>
	    <Meting sbgm:meting-id="ROM meting 34" typemeting="2"/>
	    <Meting sbgm:meting-id="ROM meting 35" typemeting="2"/>
	  </na>
	</kandidaat-metingen>
      </expected>
    </test>

    <test name="testscenario 2" code="2">
      <description>
	DBC zonder metingen
      </description>
      <setup>
	<sbgem:DBCTraject ref="true" sbggz:DBCTrajectnummer="2"/>
	<zorgdomein ref="true" zorgdomeinCode="02"/>
      </setup>
      <expected>
	<kandidaat-metingen>
	  <voor/>
	  <na/>
	</kandidaat-metingen>
      </expected>
    </test>

    <test name="testscenario 3" code="3">
      <description>
	DBC zonder metingen in meetperiode
      </description>
      <setup>
	<sbgem:DBCTraject ref="true" sbggz:DBCTrajectnummer="2"/>
	<zorgdomein ref="true" zorgdomeinCode="02"/>
	<Meting ref="true" meting-id="ROM meting 19"/>
	<Meting ref="true" meting-id="ROM meting 36"/>
      </setup>
      <expected>
	<kandidaat-metingen>
	  <voor/>
	  <na/>
	</kandidaat-metingen>
      </expected>
    </test>


  </group>


  <group>
    <function>sbge:dbc-peildatums-zorgdomein</function>
    <description>selecteer peildatums voor meetperiodes </description>
    <test name="testscenario 1" code="1">
      <description>
	zorgdomein 01: gebruik geen sessiedatums
      </description>
      <setup>
	<sbgem:DBCTraject ref="true" sbggz:DBCTrajectnummer="1"/>
	<zorgdomein ref="true" zorgdomeinCode="01"/>
      </setup>
      <expected>
	<value>2011-03-16, 2012-03-16</value>
      </expected>
    </test>

    <test name="testscenario 2" code="2">
      <description>
	zorgdomein 02: terugval op begin- startdatum
      </description>
      <setup>
	<sbgem:DBCTraject ref="true" sbggz:DBCTrajectnummer="2"/>
	<zorgdomein ref="true" zorgdomeinCode="02"/>
      </setup>
      <expected>
	<value>2011-03-10, 2012-03-10</value>
      </expected>
    </test>

    <test name="testscenario 3" code="3">
      <description>
	zorgdomein 02: voorkeur voor sessiedatums
      </description>
      <setup>
	<sbgem:DBCTraject ref="true" sbggz:DBCTrajectnummer="3"/>
	<zorgdomein ref="true" zorgdomeinCode="02"/>
      </setup>
      <expected>
	<value>2011-03-10, 2012-03-10</value>
      </expected>
    </test>

  </group>


</tests>